<?xml version="1.0" encoding="UTF-8"?>
<testng-results ignored="0" total="4" passed="4" failed="0" skipped="0">
  <reporter-output>
  </reporter-output>
  <suite started-at="2025-06-12T17:50:34 IST" name="Default suite" finished-at="2025-06-12T17:51:01 IST" duration-ms="27006">
    <groups>
    </groups>
    <test started-at="2025-06-12T17:50:34 IST" name="Default test" finished-at="2025-06-12T17:51:01 IST" duration-ms="27006">
      <class name="com.TestCases.CompleteTest">
        <test-method is-config="true" signature="setUp()[pri:0, instance:com.TestCases.CompleteTest@7b36aa0c]" started-at="2025-06-12T17:50:34 IST" name="setUp" finished-at="2025-06-12T17:50:39 IST" duration-ms="5260" status="PASS">
          <reporter-output>
          </reporter-output>
        </test-method> <!-- setUp -->
        <test-method signature="userRegistration()[pri:1, instance:com.TestCases.CompleteTest@7b36aa0c]" started-at="2025-06-12T17:50:39 IST" name="userRegistration" finished-at="2025-06-12T17:50:43 IST" duration-ms="3868" status="PASS">
          <reporter-output>
          </reporter-output>
        </test-method> <!-- userRegistration -->
        <test-method signature="userLogin()[pri:2, instance:com.TestCases.CompleteTest@7b36aa0c]" started-at="2025-06-12T17:50:43 IST" name="userLogin" finished-at="2025-06-12T17:50:47 IST" duration-ms="3698" status="PASS">
          <reporter-output>
          </reporter-output>
        </test-method> <!-- userLogin -->
        <test-method signature="addProductToCart()[pri:3, instance:com.TestCases.CompleteTest@7b36aa0c]" started-at="2025-06-12T17:50:47 IST" name="addProductToCart" finished-at="2025-06-12T17:50:54 IST" duration-ms="7422" status="PASS">
          <reporter-output>
          </reporter-output>
        </test-method> <!-- addProductToCart -->
        <test-method signature="checkoutProcess()[pri:4, instance:com.TestCases.CompleteTest@7b36aa0c]" started-at="2025-06-12T17:50:54 IST" name="checkoutProcess" finished-at="2025-06-12T17:51:00 IST" duration-ms="5891" status="PASS">
          <reporter-output>
          </reporter-output>
        </test-method> <!-- checkoutProcess -->
        <test-method is-config="true" signature="tearDown()[pri:0, instance:com.TestCases.CompleteTest@7b36aa0c]" started-at="2025-06-12T17:51:00 IST" name="tearDown" finished-at="2025-06-12T17:51:01 IST" duration-ms="792" status="PASS">
          <reporter-output>
          </reporter-output>
        </test-method> <!-- tearDown -->
      </class> <!-- com.TestCases.CompleteTest -->
    </test> <!-- Default test -->
  </suite> <!-- Default suite -->
</testng-results>
