<?xml version="1.0" encoding="UTF-8"?>
<!-- Generated by org.testng.reporters.JUnitXMLReporter -->
<testsuite ignored="0" hostname="DESKTOP-R92A0RU" failures="0" tests="10" name="API Functional Tests" time="14.537" errors="0" timestamp="2025-06-12T18:52:59 IST">
  <testcase classname="TelecomAPIProject.TelecomProject" name="addNewUser" time="4.301"/>
  <testcase classname="TelecomAPIProject.TelecomProject" name="getProfile" time="1.073"/>
  <testcase classname="TelecomAPIProject.TelecomProject" name="updateUser" time="1.103"/>
  <testcase classname="TelecomAPIProject.TelecomProject" name="loginUser" time="1.152"/>
  <testcase classname="TelecomAPIProject.TelecomProject" name="addContact" time="1.169"/>
  <testcase classname="TelecomAPIProject.TelecomProject" name="getContactList" time="1.161"/>
  <testcase classname="TelecomAPIProject.TelecomProject" name="getContact" time="1.068"/>
  <testcase classname="TelecomAPIProject.TelecomProject" name="updateContact" time="1.166"/>
  <testcase classname="TelecomAPIProject.TelecomProject" name="updateContactPatch" time="1.169"/>
  <testcase classname="TelecomAPIProject.TelecomProject" name="logoutUser" time="1.072"/>
</testsuite> <!-- API Functional Tests -->
