<?xml version="1.0" encoding="UTF-8"?>
<!-- Generated by org.testng.reporters.JUnitXMLReporter -->
<testsuite ignored="0" hostname="DESKTOP-R92A0RU" failures="0" tests="4" name="Default test" time="16.614" errors="0" timestamp="2025-06-12T17:00:11 IST">
  <testcase classname="com.Scenario2.AdminTest" name="verifyAdminMenu" time="3.505"/>
  <testcase classname="com.Scenario2.AdminTest" name="verifySearchWithUsername" time="0.972"/>
  <testcase classname="com.Scenario2.AdminTest" name="verifySearchWithUserRole" time="0.718"/>
  <testcase classname="com.Scenario2.AdminTest" name="verifySearchWithUserStatus" time="0.871"/>
</testsuite> <!-- Default test -->
