<?xml version="1.0" encoding="UTF-8"?>
<!-- Generated by org.testng.reporters.JUnitXMLReporter -->
<testsuite ignored="0" hostname="DESKTOP-R92A0RU" failures="0" tests="4" name="Default test" time="27.006" errors="0" timestamp="2025-06-12T17:51:01 IST">
  <testcase classname="com.TestCases.CompleteTest" name="userRegistration" time="3.868"/>
  <testcase classname="com.TestCases.CompleteTest" name="userLogin" time="3.698"/>
  <testcase classname="com.TestCases.CompleteTest" name="addProductToCart" time="7.422"/>
  <testcase classname="com.TestCases.CompleteTest" name="checkoutProcess" time="5.891"/>
</testsuite> <!-- Default test -->
