<?xml version="1.0" encoding="UTF-8"?>
<testng-results ignored="0" total="4" passed="4" failed="0" skipped="0">
  <reporter-output>
  </reporter-output>
  <suite started-at="2025-06-12T16:59:54 IST" name="Default suite" finished-at="2025-06-12T17:00:11 IST" duration-ms="16614">
    <groups>
    </groups>
    <test started-at="2025-06-12T16:59:54 IST" name="Default test" finished-at="2025-06-12T17:00:11 IST" duration-ms="16614">
      <class name="com.Scenario2.AdminTest">
        <test-method is-config="true" signature="setupReportAndBrowser()[pri:0, instance:com.Scenario2.AdminTest@7e057f43]" started-at="2025-06-12T16:59:54 IST" name="setupReportAndBrowser" finished-at="2025-06-12T17:00:01 IST" duration-ms="6608" status="PASS">
          <reporter-output>
          </reporter-output>
        </test-method> <!-- setupReportAndBrowser -->
        <test-method is-config="true" signature="loginAndSetupPages()[pri:0, instance:com.Scenario2.AdminTest@7e057f43]" started-at="2025-06-12T17:00:01 IST" name="loginAndSetupPages" finished-at="2025-06-12T17:00:04 IST" duration-ms="3042" status="PASS">
          <reporter-output>
          </reporter-output>
        </test-method> <!-- loginAndSetupPages -->
        <test-method signature="verifyAdminMenu()[pri:1, instance:com.Scenario2.AdminTest@7e057f43]" started-at="2025-06-12T17:00:04 IST" name="verifyAdminMenu" finished-at="2025-06-12T17:00:08 IST" duration-ms="3505" status="PASS">
          <reporter-output>
          </reporter-output>
        </test-method> <!-- verifyAdminMenu -->
        <test-method signature="verifySearchWithUsername()[pri:2, instance:com.Scenario2.AdminTest@7e057f43]" started-at="2025-06-12T17:00:08 IST" name="verifySearchWithUsername" finished-at="2025-06-12T17:00:09 IST" duration-ms="972" status="PASS">
          <reporter-output>
          </reporter-output>
        </test-method> <!-- verifySearchWithUsername -->
        <test-method signature="verifySearchWithUserRole()[pri:3, instance:com.Scenario2.AdminTest@7e057f43]" started-at="2025-06-12T17:00:09 IST" name="verifySearchWithUserRole" finished-at="2025-06-12T17:00:09 IST" duration-ms="718" status="PASS">
          <reporter-output>
          </reporter-output>
        </test-method> <!-- verifySearchWithUserRole -->
        <test-method signature="verifySearchWithUserStatus()[pri:4, instance:com.Scenario2.AdminTest@7e057f43]" started-at="2025-06-12T17:00:09 IST" name="verifySearchWithUserStatus" finished-at="2025-06-12T17:00:10 IST" duration-ms="871" status="PASS">
          <reporter-output>
          </reporter-output>
        </test-method> <!-- verifySearchWithUserStatus -->
        <test-method is-config="true" signature="tearDown()[pri:0, instance:com.Scenario2.AdminTest@7e057f43]" started-at="2025-06-12T17:00:10 IST" name="tearDown" finished-at="2025-06-12T17:00:11 IST" duration-ms="812" status="PASS">
          <reporter-output>
          </reporter-output>
        </test-method> <!-- tearDown -->
      </class> <!-- com.Scenario2.AdminTest -->
    </test> <!-- Default test -->
  </suite> <!-- Default suite -->
</testng-results>
